<?xml version="1.0" encoding="UTF-8" standalone="no"?>
<!DOCTYPE log SYSTEM "logger.dtd">
<log>
<record>
  <date>2020-10-30T08:06:32</date>
  <millis>1604041592744</millis>
  <sequence>0</sequence>
  <logger>mikado.Mikado</logger>
  <level>INFO</level>
  <class>mikado.Mikado</class>
  <method>main</method>
  <thread>1</thread>
  <message>Mikado started</message>
</record>
<record>
  <date>2020-10-30T08:06:32</date>
  <millis>1604041592763</millis>
  <sequence>1</sequence>
  <logger>mikado.Mikado</logger>
  <level>SEVERE</level>
  <class>mikado.Mikado</class>
  <method>logIdentifier</method>
  <thread>1</thread>
  <message>Mikado : 

Usage : java -Djava.endorsed.dirs="&lt;mikado_dir&gt;/dist/lib" -jar "&lt;mikado_dir&gt;/dist/mikado.jar" mikado-home= log-file= trace=

with

mikado-home=mikado directory
optional : log-file=name of logfile (default Mikado.log)
optional : trace=false(default) or sql
optional : max-files-in-zip=1000 (default)
optional : zip-prefix= (no prefix by default)
</message>
</record>
</log>
